e:\下载文件\vs2016\esa\esa\debug\esa.pch
e:\下载文件\vs2016\esa\esa\debug\vc140.pdb
e:\下载文件\vs2016\esa\esa\debug\vc140.idb
e:\下载文件\vs2016\esa\esa\debug\stdafx.obj
e:\下载文件\vs2016\esa\esa\debug\codeandencode.obj
e:\下载文件\vs2016\esa\esa\debug\rsa.obj
e:\下载文件\vs2016\esa\esa\debug\rsadlg.obj
e:\下载文件\vs2016\esa\esa\debug\show.obj
e:\下载文件\vs2016\esa\esa\debug\solversa.obj
e:\下载文件\vs2016\esa\debug\esa.lib
e:\下载文件\vs2016\esa\debug\esa.exp
e:\下载文件\vs2016\esa\debug\esa.ilk
e:\下载文件\vs2016\esa\debug\esa.exe
e:\下载文件\vs2016\esa\debug\esa.pdb
e:\下载文件\vs2016\esa\esa\debug\esa.res
e:\下载文件\vs2016\esa\esa\debug\esa.tlog\cl.command.1.tlog
e:\下载文件\vs2016\esa\esa\debug\esa.tlog\cl.read.1.tlog
e:\下载文件\vs2016\esa\esa\debug\esa.tlog\cl.write.1.tlog
e:\下载文件\vs2016\esa\esa\debug\esa.tlog\esa.write.1u.tlog
e:\下载文件\vs2016\esa\esa\debug\esa.tlog\link.command.1.tlog
e:\下载文件\vs2016\esa\esa\debug\esa.tlog\link.read.1.tlog
e:\下载文件\vs2016\esa\esa\debug\esa.tlog\link.write.1.tlog
e:\下载文件\vs2016\esa\esa\debug\esa.tlog\rc.command.1.tlog
e:\下载文件\vs2016\esa\esa\debug\esa.tlog\rc.read.1.tlog
e:\下载文件\vs2016\esa\esa\debug\esa.tlog\rc.write.1.tlog
